[ 2017-03-22T15:24:40+08:00 ] 127.0.0.1 /Admin/Index/clear.html
INFO: [ app_init ] --START--
INFO: Run Behavior\BuildLiteBehavior [ RunTime:0.000018s ]
INFO: [ app_init ] --END-- [ RunTime:0.000419s ]
INFO: [ app_begin ] --START--
INFO: Run Behavior\ReadHtmlCacheBehavior [ RunTime:0.000691s ]
INFO: [ app_begin ] --END-- [ RunTime:0.000783s ]
SQL: SHOW COLUMNS FROM `admin_menu` [ RunTime:0.0505s ]
SQL: SELECT `id`,`navname`,`pid` FROM `admin_menu` WHERE ( id=0 ) LIMIT 1   [ RunTime:0.0003s ]
NOTIC: [8] Undefined index: path F:\tp\Application\Admin\Controller\IndexController.class.php 第 64 行.
INFO: [ view_parse ] --START--
INFO: [ template_filter ] --START--
INFO: Run Behavior\ContentReplaceBehavior [ RunTime:0.000081s ]
INFO: [ template_filter ] --END-- [ RunTime:0.000161s ]
INFO: Run Behavior\ParseTemplateBehavior [ RunTime:0.010337s ]
INFO: [ view_parse ] --END-- [ RunTime:0.010431s ]
INFO: [ view_filter ] --START--
INFO: Run Behavior\WriteHtmlCacheBehavior [ RunTime:0.000552s ]
INFO: Run Behavior\TokenBuildBehavior [ RunTime:0.001344s ]
INFO: [ view_filter ] --END-- [ RunTime:0.002090s ]
INFO: [ app_end ] --START--
INFO: Run Behavior\ShowPageTraceBehavior [ RunTime:0.000797s ]
INFO: [ app_end ] --END-- [ RunTime:0.000860s ]

[ 2017-03-22T15:24:41+08:00 ] 127.0.0.1 /Admin/Menu/lists.html
INFO: [ app_init ] --START--
INFO: Run Behavior\BuildLiteBehavior [ RunTime:0.000020s ]
INFO: [ app_init ] --END-- [ RunTime:0.000507s ]
INFO: [ app_begin ] --START--
INFO: Run Behavior\ReadHtmlCacheBehavior [ RunTime:0.000827s ]
INFO: [ app_begin ] --END-- [ RunTime:0.000917s ]
SQL: SHOW COLUMNS FROM `admin_config` [ RunTime:0.0262s ]
SQL: SELECT `type`,`name`,`value` FROM `admin_config`  [ RunTime:0.0005s ]
SQL: SHOW COLUMNS FROM `admin_menu` [ RunTime:0.0157s ]
SQL: SELECT `id`,`navname`,`pid` FROM `admin_menu` WHERE ( id=0 ) LIMIT 1   [ RunTime:0.0006s ]
SQL: SHOW COLUMNS FROM `admin_menu` [ RunTime:0.0686s ]
SQL: SELECT `id`,`navname`,`pid` FROM `admin_menu` WHERE ( id=0 ) LIMIT 1   [ RunTime:0.0003s ]
SQL: SELECT * FROM `admin_menu` ORDER BY sort asc  [ RunTime:0.0007s ]
INFO: [ view_parse ] --START--
INFO: [ template_filter ] --START--
INFO: Run Behavior\ContentReplaceBehavior [ RunTime:0.000196s ]
INFO: [ template_filter ] --END-- [ RunTime:0.000299s ]
NOTIC: [8] Undefined variable: title F:\tp\Application\Runtime\Cache\Admin\88a10872b09cd4c4a7288594552f2563.php 第 4 行.
SQL: SELECT * FROM `admin_menu` WHERE `hide` = 0 ORDER BY sort asc  [ RunTime:0.0011s ]
INFO: [ view_parse ] --START--
INFO: [ template_filter ] --START--
INFO: Run Behavior\ContentReplaceBehavior [ RunTime:0.000168s ]
INFO: [ template_filter ] --END-- [ RunTime:-0.321966s ]
NOTIC: [8] Undefined variable: title F:\tp\Application\Runtime\Cache\Admin\35a1f0b5597e6e5280e7647b48c8daa1.php 第 4 行.
NOTIC: [8] Use of undefined constant child - assumed 'child' F:\tp\Application\Runtime\Cache\Admin\35a1f0b5597e6e5280e7647b48c8daa1.php 第 77 行.
NOTIC: [8] Array to string conversion F:\tp\Application\Runtime\Cache\Admin\35a1f0b5597e6e5280e7647b48c8daa1.php 第 77 行.
NOTIC: [8] Use of undefined constant child - assumed 'child' F:\tp\Application\Runtime\Cache\Admin\35a1f0b5597e6e5280e7647b48c8daa1.php 第 77 行.
NOTIC: [8] Array to string conversion F:\tp\Application\Runtime\Cache\Admin\35a1f0b5597e6e5280e7647b48c8daa1.php 第 77 行.
NOTIC: [8] Use of undefined constant child - assumed 'child' F:\tp\Application\Runtime\Cache\Admin\35a1f0b5597e6e5280e7647b48c8daa1.php 第 77 行.
NOTIC: [8] Array to string conversion F:\tp\Application\Runtime\Cache\Admin\35a1f0b5597e6e5280e7647b48c8daa1.php 第 77 行.
NOTIC: [8] Use of undefined constant child - assumed 'child' F:\tp\Application\Runtime\Cache\Admin\35a1f0b5597e6e5280e7647b48c8daa1.php 第 77 行.
NOTIC: [8] Array to string conversion F:\tp\Application\Runtime\Cache\Admin\35a1f0b5597e6e5280e7647b48c8daa1.php 第 77 行.
NOTIC: [8] Use of undefined constant child - assumed 'child' F:\tp\Application\Runtime\Cache\Admin\35a1f0b5597e6e5280e7647b48c8daa1.php 第 77 行.
NOTIC: [8] Array to string conversion F:\tp\Application\Runtime\Cache\Admin\35a1f0b5597e6e5280e7647b48c8daa1.php 第 77 行.
NOTIC: [8] Use of undefined constant child - assumed 'child' F:\tp\Application\Runtime\Cache\Admin\35a1f0b5597e6e5280e7647b48c8daa1.php 第 77 行.
NOTIC: [8] Array to string conversion F:\tp\Application\Runtime\Cache\Admin\35a1f0b5597e6e5280e7647b48c8daa1.php 第 77 行.
NOTIC: [8] Use of undefined constant child - assumed 'child' F:\tp\Application\Runtime\Cache\Admin\35a1f0b5597e6e5280e7647b48c8daa1.php 第 77 行.
NOTIC: [8] Array to string conversion F:\tp\Application\Runtime\Cache\Admin\35a1f0b5597e6e5280e7647b48c8daa1.php 第 77 行.
INFO: Run Behavior\ParseTemplateBehavior [ RunTime:0.009614s ]
INFO: [ view_parse ] --END-- [ RunTime:0.009687s ]
INFO: [ view_filter ] --START--
INFO: Run Behavior\WriteHtmlCacheBehavior [ RunTime:0.000348s ]
INFO: Run Behavior\TokenBuildBehavior [ RunTime:0.000379s ]
INFO: [ view_filter ] --END-- [ RunTime:0.000810s ]
NOTIC: [8] Undefined index: nav_id F:\tp\Application\Runtime\Cache\Admin\88a10872b09cd4c4a7288594552f2563.php 第 74 行.
NOTIC: [8] Undefined index: nav_id F:\tp\Application\Runtime\Cache\Admin\88a10872b09cd4c4a7288594552f2563.php 第 92 行.
NOTIC: [8] Undefined index: nav_id F:\tp\Application\Runtime\Cache\Admin\88a10872b09cd4c4a7288594552f2563.php 第 92 行.
NOTIC: [8] Undefined index: nav_id F:\tp\Application\Runtime\Cache\Admin\88a10872b09cd4c4a7288594552f2563.php 第 74 行.
NOTIC: [8] Undefined index: nav_id F:\tp\Application\Runtime\Cache\Admin\88a10872b09cd4c4a7288594552f2563.php 第 92 行.
NOTIC: [8] Undefined index: nav_id F:\tp\Application\Runtime\Cache\Admin\88a10872b09cd4c4a7288594552f2563.php 第 92 行.
NOTIC: [8] Undefined index: nav_id F:\tp\Application\Runtime\Cache\Admin\88a10872b09cd4c4a7288594552f2563.php 第 92 行.
NOTIC: [8] Undefined index: nav_id F:\tp\Application\Runtime\Cache\Admin\88a10872b09cd4c4a7288594552f2563.php 第 92 行.
NOTIC: [8] Undefined index: nav_id F:\tp\Application\Runtime\Cache\Admin\88a10872b09cd4c4a7288594552f2563.php 第 74 行.
NOTIC: [8] Undefined index: nav_id F:\tp\Application\Runtime\Cache\Admin\88a10872b09cd4c4a7288594552f2563.php 第 92 行.
NOTIC: [8] Undefined index: nav_id F:\tp\Application\Runtime\Cache\Admin\88a10872b09cd4c4a7288594552f2563.php 第 92 行.
NOTIC: [8] Undefined index: nav_id F:\tp\Application\Runtime\Cache\Admin\88a10872b09cd4c4a7288594552f2563.php 第 74 行.
NOTIC: [8] Undefined index: nav_id F:\tp\Application\Runtime\Cache\Admin\88a10872b09cd4c4a7288594552f2563.php 第 92 行.
NOTIC: [8] Undefined index: nav_id F:\tp\Application\Runtime\Cache\Admin\88a10872b09cd4c4a7288594552f2563.php 第 92 行.
NOTIC: [8] Undefined index: nav_id F:\tp\Application\Runtime\Cache\Admin\88a10872b09cd4c4a7288594552f2563.php 第 74 行.
NOTIC: [8] Undefined index: nav_id F:\tp\Application\Runtime\Cache\Admin\88a10872b09cd4c4a7288594552f2563.php 第 92 行.
NOTIC: [8] Undefined index: nav_id F:\tp\Application\Runtime\Cache\Admin\88a10872b09cd4c4a7288594552f2563.php 第 92 行.
NOTIC: [8] Undefined index: nav_id F:\tp\Application\Runtime\Cache\Admin\88a10872b09cd4c4a7288594552f2563.php 第 74 行.
NOTIC: [8] Undefined index: nav_id F:\tp\Application\Runtime\Cache\Admin\88a10872b09cd4c4a7288594552f2563.php 第 92 行.
NOTIC: [8] Undefined index: nav_id F:\tp\Application\Runtime\Cache\Admin\88a10872b09cd4c4a7288594552f2563.php 第 92 行.
NOTIC: [8] Undefined index: nav_id F:\tp\Application\Runtime\Cache\Admin\88a10872b09cd4c4a7288594552f2563.php 第 92 行.
NOTIC: [8] Undefined index: nav_id F:\tp\Application\Runtime\Cache\Admin\88a10872b09cd4c4a7288594552f2563.php 第 92 行.
NOTIC: [8] Undefined index: nav_id F:\tp\Application\Runtime\Cache\Admin\88a10872b09cd4c4a7288594552f2563.php 第 92 行.
NOTIC: [8] Undefined index: nav_id F:\tp\Application\Runtime\Cache\Admin\88a10872b09cd4c4a7288594552f2563.php 第 74 行.
INFO: Run Behavior\ParseTemplateBehavior [ RunTime:0.012542s ]
INFO: [ view_parse ] --END-- [ RunTime:0.009687s ]
INFO: [ view_filter ] --START--
INFO: Run Behavior\WriteHtmlCacheBehavior [ RunTime:0.000014s ]
INFO: Run Behavior\TokenBuildBehavior [ RunTime:0.000075s ]
INFO: [ view_filter ] --END-- [ RunTime:-0.002133s ]
INFO: [ app_end ] --START--
INFO: Run Behavior\ShowPageTraceBehavior [ RunTime:0.000782s ]
INFO: [ app_end ] --END-- [ RunTime:0.000869s ]

