[ 2017-03-23T09:53:53+08:00 ] 127.0.0.1 /admin
INFO: [ app_init ] --START--
INFO: Run Behavior\BuildLiteBehavior [ RunTime:0.000023s ]
INFO: [ app_init ] --END-- [ RunTime:0.041453s ]
INFO: [ app_begin ] --START--
INFO: Run Behavior\ReadHtmlCacheBehavior [ RunTime:0.001384s ]
INFO: [ app_begin ] --END-- [ RunTime:0.001481s ]

[ 2017-03-23T09:53:53+08:00 ] 127.0.0.1 /admin
INFO: [ app_init ] --START--
INFO: Run Behavior\BuildLiteBehavior [ RunTime:0.000021s ]
INFO: [ app_init ] --END-- [ RunTime:0.000951s ]
INFO: [ app_begin ] --START--
INFO: Run Behavior\ReadHtmlCacheBehavior [ RunTime:0.000729s ]
INFO: [ app_begin ] --END-- [ RunTime:0.000803s ]

[ 2017-03-23T09:53:53+08:00 ] 127.0.0.1 /Admin/Login/login.html
INFO: [ app_init ] --START--
INFO: Run Behavior\BuildLiteBehavior [ RunTime:0.000018s ]
INFO: [ app_init ] --END-- [ RunTime:0.000502s ]
INFO: [ app_begin ] --START--
INFO: Run Behavior\ReadHtmlCacheBehavior [ RunTime:0.000805s ]
INFO: [ app_begin ] --END-- [ RunTime:0.000905s ]
INFO: [ view_parse ] --START--
INFO: [ template_filter ] --START--
INFO: Run Behavior\ContentReplaceBehavior [ RunTime:0.000108s ]
INFO: [ template_filter ] --END-- [ RunTime:0.000189s ]
INFO: Run Behavior\ParseTemplateBehavior [ RunTime:0.102698s ]
INFO: [ view_parse ] --END-- [ RunTime:0.102827s ]
INFO: [ view_filter ] --START--
INFO: Run Behavior\WriteHtmlCacheBehavior [ RunTime:0.001947s ]
INFO: Run Behavior\TokenBuildBehavior [ RunTime:0.004932s ]
INFO: [ view_filter ] --END-- [ RunTime:0.007035s ]
INFO: [ app_end ] --START--
INFO: Run Behavior\ShowPageTraceBehavior [ RunTime:0.001789s ]
INFO: [ app_end ] --END-- [ RunTime:0.001881s ]

[ 2017-03-23T09:53:53+08:00 ] 127.0.0.1 /Admin/Login/verify.html
INFO: [ app_init ] --START--
INFO: Run Behavior\BuildLiteBehavior [ RunTime:0.000020s ]
INFO: [ app_init ] --END-- [ RunTime:0.000555s ]
INFO: [ app_begin ] --START--
INFO: Run Behavior\ReadHtmlCacheBehavior [ RunTime:0.000743s ]
INFO: [ app_begin ] --END-- [ RunTime:0.000883s ]
INFO: [ app_end ] --START--
INFO: Run Behavior\ShowPageTraceBehavior [ RunTime:0.001853s ]
INFO: [ app_end ] --END-- [ RunTime:0.001965s ]

[ 2017-03-23T09:59:55+08:00 ] 127.0.0.1 /Admin/Login/login.html
INFO: [ app_init ] --START--
INFO: Run Behavior\BuildLiteBehavior [ RunTime:0.000018s ]
INFO: [ app_init ] --END-- [ RunTime:0.000474s ]
INFO: [ app_begin ] --START--
INFO: Run Behavior\ReadHtmlCacheBehavior [ RunTime:0.000954s ]
INFO: [ app_begin ] --END-- [ RunTime:0.001052s ]

[ 2017-03-23T09:59:55+08:00 ] 127.0.0.1 /Admin/Login/verify.html?0.2520414461957765
INFO: [ app_init ] --START--
INFO: Run Behavior\BuildLiteBehavior [ RunTime:0.000017s ]
INFO: [ app_init ] --END-- [ RunTime:0.000389s ]
INFO: [ app_begin ] --START--
INFO: Run Behavior\ReadHtmlCacheBehavior [ RunTime:0.000616s ]
INFO: [ app_begin ] --END-- [ RunTime:0.000702s ]
INFO: [ app_end ] --START--
INFO: Run Behavior\ShowPageTraceBehavior [ RunTime:0.000741s ]
INFO: [ app_end ] --END-- [ RunTime:0.000819s ]

[ 2017-03-23T10:00:02+08:00 ] 127.0.0.1 /Admin/Login/login.html
INFO: [ app_init ] --START--
INFO: Run Behavior\BuildLiteBehavior [ RunTime:0.000025s ]
INFO: [ app_init ] --END-- [ RunTime:0.000423s ]
INFO: [ app_begin ] --START--
INFO: Run Behavior\ReadHtmlCacheBehavior [ RunTime:0.000507s ]
INFO: [ app_begin ] --END-- [ RunTime:0.000573s ]
SQL: SHOW COLUMNS FROM `admin_admin` [ RunTime:0.0217s ]
SQL: SELECT * FROM `admin_admin` WHERE `username` = 'admin' LIMIT 1   [ RunTime:0.0007s ]
SQL: UPDATE `admin_admin` SET `lasttime`='1490234402',`lastip`='127.0.0.1',`loginnum`='66' WHERE `id` = 1 [ RunTime:0.0344s ]
SQL: SHOW COLUMNS FROM `admin_log` [ RunTime:0.0417s ]
SQL: INSERT INTO `admin_log` (`node`,`node_name`,`uid`,`ip`,`time`) VALUES ('Login/login','登陆','1','127.0.0.1','1490234402') [ RunTime:0.0379s ]

[ 2017-03-23T10:00:02+08:00 ] 127.0.0.1 /Admin/Login/verify.html?0.2179647065793846
INFO: [ app_init ] --START--
INFO: Run Behavior\BuildLiteBehavior [ RunTime:0.000022s ]
INFO: [ app_init ] --END-- [ RunTime:0.000518s ]
INFO: [ app_begin ] --START--
INFO: Run Behavior\ReadHtmlCacheBehavior [ RunTime:0.000540s ]
INFO: [ app_begin ] --END-- [ RunTime:0.000615s ]
INFO: [ app_end ] --START--
INFO: Run Behavior\ShowPageTraceBehavior [ RunTime:0.000743s ]
INFO: [ app_end ] --END-- [ RunTime:0.000834s ]

[ 2017-03-23T10:00:03+08:00 ] 127.0.0.1 /Admin/Index/index.html
INFO: [ app_init ] --START--
INFO: Run Behavior\BuildLiteBehavior [ RunTime:0.000022s ]
INFO: [ app_init ] --END-- [ RunTime:0.000552s ]
INFO: [ app_begin ] --START--
INFO: Run Behavior\ReadHtmlCacheBehavior [ RunTime:0.000839s ]
INFO: [ app_begin ] --END-- [ RunTime:0.000943s ]
SQL: SHOW COLUMNS FROM `admin_menu` [ RunTime:0.0256s ]
SQL: SELECT `id`,`navname`,`pid` FROM `admin_menu` WHERE ( id=0 ) LIMIT 1   [ RunTime:0.0004s ]
INFO: [ view_parse ] --START--
INFO: [ template_filter ] --START--
INFO: Run Behavior\ContentReplaceBehavior [ RunTime:0.000248s ]
INFO: [ template_filter ] --END-- [ RunTime:0.000334s ]
INFO: [ view_parse ] --START--
INFO: [ template_filter ] --START--
INFO: Run Behavior\ContentReplaceBehavior [ RunTime:0.000149s ]
INFO: [ template_filter ] --END-- [ RunTime:-0.056011s ]
NOTIC: [8] Use of undefined constant child - assumed 'child' F:\tp\Application\Runtime\Cache\Admin\35a1f0b5597e6e5280e7647b48c8daa1.php 第 77 行.
NOTIC: [8] Array to string conversion F:\tp\Application\Runtime\Cache\Admin\35a1f0b5597e6e5280e7647b48c8daa1.php 第 77 行.
NOTIC: [8] Use of undefined constant child - assumed 'child' F:\tp\Application\Runtime\Cache\Admin\35a1f0b5597e6e5280e7647b48c8daa1.php 第 77 行.
NOTIC: [8] Array to string conversion F:\tp\Application\Runtime\Cache\Admin\35a1f0b5597e6e5280e7647b48c8daa1.php 第 77 行.
NOTIC: [8] Use of undefined constant child - assumed 'child' F:\tp\Application\Runtime\Cache\Admin\35a1f0b5597e6e5280e7647b48c8daa1.php 第 77 行.
NOTIC: [8] Array to string conversion F:\tp\Application\Runtime\Cache\Admin\35a1f0b5597e6e5280e7647b48c8daa1.php 第 77 行.
NOTIC: [8] Use of undefined constant child - assumed 'child' F:\tp\Application\Runtime\Cache\Admin\35a1f0b5597e6e5280e7647b48c8daa1.php 第 77 行.
NOTIC: [8] Array to string conversion F:\tp\Application\Runtime\Cache\Admin\35a1f0b5597e6e5280e7647b48c8daa1.php 第 77 行.
NOTIC: [8] Use of undefined constant child - assumed 'child' F:\tp\Application\Runtime\Cache\Admin\35a1f0b5597e6e5280e7647b48c8daa1.php 第 77 行.
NOTIC: [8] Array to string conversion F:\tp\Application\Runtime\Cache\Admin\35a1f0b5597e6e5280e7647b48c8daa1.php 第 77 行.
NOTIC: [8] Use of undefined constant child - assumed 'child' F:\tp\Application\Runtime\Cache\Admin\35a1f0b5597e6e5280e7647b48c8daa1.php 第 77 行.
NOTIC: [8] Array to string conversion F:\tp\Application\Runtime\Cache\Admin\35a1f0b5597e6e5280e7647b48c8daa1.php 第 77 行.
NOTIC: [8] Use of undefined constant child - assumed 'child' F:\tp\Application\Runtime\Cache\Admin\35a1f0b5597e6e5280e7647b48c8daa1.php 第 77 行.
NOTIC: [8] Array to string conversion F:\tp\Application\Runtime\Cache\Admin\35a1f0b5597e6e5280e7647b48c8daa1.php 第 77 行.
INFO: Run Behavior\ParseTemplateBehavior [ RunTime:0.028002s ]
INFO: [ view_parse ] --END-- [ RunTime:0.028136s ]
INFO: [ view_filter ] --START--
INFO: Run Behavior\WriteHtmlCacheBehavior [ RunTime:0.000566s ]
INFO: Run Behavior\TokenBuildBehavior [ RunTime:0.000587s ]
INFO: [ view_filter ] --END-- [ RunTime:0.001259s ]
INFO: Run Behavior\ParseTemplateBehavior [ RunTime:0.029459s ]
INFO: [ view_parse ] --END-- [ RunTime:0.028136s ]
INFO: [ view_filter ] --START--
INFO: Run Behavior\WriteHtmlCacheBehavior [ RunTime:0.000014s ]
INFO: Run Behavior\TokenBuildBehavior [ RunTime:0.000034s ]
INFO: [ view_filter ] --END-- [ RunTime:-0.000155s ]
INFO: [ app_end ] --START--
INFO: Run Behavior\ShowPageTraceBehavior [ RunTime:0.001106s ]
INFO: [ app_end ] --END-- [ RunTime:0.001263s ]

